#
# A fatal error has been detected by the Java Runtime Environment:
#
#  SIGSEGV (0xb) at pc=0x00007fff91ca68f2, pid=73927, tid=1811
#
# JRE version: Java(TM) SE Runtime Environment (8.0_31-b13) (build 1.8.0_31-b13)
# Java VM: Java HotSpot(TM) 64-Bit Server VM (25.31-b07 mixed mode bsd-amd64 compressed oops)
# Problematic frame:
# C  [libGPUSupportMercury.dylib+0xb8f2]  gldAttachDrawable+0x60
#
# Failed to write core dump. Core dumps have been disabled. To enable core dumping, try "ulimit -c unlimited" before starting Java again
#
# If you would like to submit a bug report, please visit:
#   http://bugreport.java.com/bugreport/crash.jsp
# The crash happened outside the Java Virtual Machine in native code.
# See problematic frame for where to report the bug.
#

---------------  T H R E A D  ---------------

Current thread (0x00007fc90c866000):  JavaThread "AppKit Thread" daemon [_thread_in_native, id=1811, stack(0x00007fff56656000,0x00007fff56e56000)]

siginfo: si_signo: 11 (SIGSEGV), si_code: 0 (unknown), si_addr: 0x0000000000000000

Registers:
RAX=0x4000000000000000, RBX=0x000000000000271e, RCX=0x0000000000000000, RDX=0x00007fc90bf51a28
RSP=0x00007fff56e50920, RBP=0x00007fff56e50a20, RSI=0x0000000000000050, RDI=0x00007fff76205070
R8 =0x00007fc90f009e60, R9 =0x00007fc90e800000, R10=0x000000000000003c, R11=0x0000000000000206
R12=0x0000000000002718, R13=0x00007fc90c196e00, R14=0x0000000000000050, R15=0x0000000000000000
RIP=0x00007fff91ca68f2, EFLAGS=0x0000000000010212, ERR=0x0000000000000000
  TRAPNO=0x000000000000000d

Top of Stack: (sp=0x00007fff56e50920)
0x00007fff56e50920:   00007fff56e50994 00007fc90be19c90
0x00007fff56e50930:   ffffffffffffffff 0000206000000040
0x00007fff56e50940:   00007fc90be19ca8 00007fff917e669f
0x00007fff56e50950:   0000000000000000 4000000000000000
0x00007fff56e50960:   0000000300000003 00007fff56e50aa8
0x00007fff56e50970:   00007fff56e50a34 0000000000011707
0x00007fff56e50980:   00007fff56e50a2c 00007fff56e50a30
0x00007fff56e50990:   00007fff56e50a10 00007fff8adf8df0
0x00007fff56e509a0:   0000000000000000 00000000000023cf
0x00007fff56e509b0:   0000003400001200 0000040b00000000
0x00007fff56e509c0:   00007fff56e509f0 00007fff8adab13e
0x00007fff56e509d0:   00007fff56e50a68 00000000000023cf
0x00007fff56e509e0:   00007fff56e50a20 0000000026563bd3
0x00007fff56e509f0:   e50002477ff28f15 00007fc90f000000
0x00007fff56e50a00:   0000000000002718 0000000000000000
0x00007fff56e50a10:   0000000000000050 0000000000000000
0x00007fff56e50a20:   00007fff56e50a70 00007fff8a1d57e4
0x00007fff56e50a30:   00007fc90f009e60 0000000000000000
0x00007fff56e50a40:   00007fc90bf51a28 00007fc90bf34700
0x00007fff56e50a50:   0000000000000000 00007fc90c194150
0x00007fff56e50a60:   00007fc90c192200 00007fff76205070
0x00007fff56e50a70:   00007fff56e50b60 00007fff93c407ac
0x00007fff56e50a80:   4088000000000000 407e300000000000
0x00007fff56e50a90:   4037000000000000 4079000000000000
0x00007fff56e50aa0:   4084b00000000000 0000000000000000
0x00007fff56e50ab0:   4036000000000000 4079000000000000
0x00007fff56e50ac0:   4084000000000000 0000000000000000
0x00007fff56e50ad0:   0000000000000000 0000000000000001
0x00007fff56e50ae0:   00007fc90bf51a28 0000000000000001
0x00007fff56e50af0:   00007fff56e50b60 00007fff93c4564c
0x00007fff56e50b00:   0000000100000003 00007fc90c194150
0x00007fff56e50b10:   00007fc90c194088 000000028debffff 

Instructions: (pc=0x00007fff91ca68f2)
0x00007fff91ca68d2:   48 85 d2 b8 01 00 00 00 bb 15 27 00 00 0f 44 d8
0x00007fff91ca68e2:   e9 7f 01 00 00 49 8b 45 08 48 89 85 38 ff ff ff
0x00007fff91ca68f2:   48 8b 00 48 89 85 30 ff ff ff 83 fe 4f 0f 8f fd
0x00007fff91ca6902:   00 00 00 48 89 d0 bb 15 27 00 00 83 fe 35 0f 84 

Register to memory mapping:

RAX=0x4000000000000000 is an unknown value
RBX=0x000000000000271e is an unknown value
RCX=0x0000000000000000 is an unknown value
RDX=0x00007fc90bf51a28 is an unknown value
RSP=0x00007fff56e50920 is pointing into the stack for thread: 0x00007fc90c866000
RBP=0x00007fff56e50a20 is pointing into the stack for thread: 0x00007fc90c866000
RSI=0x0000000000000050 is an unknown value
RDI=0x00007fff76205070: __stack_chk_guard+0 in /usr/lib/system/libsystem_c.dylib at 0x00007fff8ec55000
R8 =0x00007fc90f009e60 is an unknown value
R9 =0x00007fc90e800000 is an unknown value
R10=0x000000000000003c is an unknown value
R11=0x0000000000000206 is an unknown value
R12=0x0000000000002718 is an unknown value
R13=0x00007fc90c196e00 is an unknown value
R14=0x0000000000000050 is an unknown value
R15=0x0000000000000000 is an unknown value


Stack: [0x00007fff56656000,0x00007fff56e56000],  sp=0x00007fff56e50920,  free space=8170k
Native frames: (J=compiled Java code, j=interpreted, Vv=VM code, C=native code)
C  [libGPUSupportMercury.dylib+0xb8f2]  gldAttachDrawable+0x60
C  [GLEngine+0x167e4]  gliAttachDrawableWithOptions+0x101
C  [OpenGL+0x37ac]  glcGetIOAccelService+0xe03
C  [OpenGL+0x73f3]  CGLSetPBuffer+0xb90
C  [OpenGL+0x7716]  CGLSetSurface+0x124
C  [AppKit+0x57bf47]  NSOpenGLContextAttachOnScreenViewSurface+0x109
C  [AppKit+0x2c66ab]  -[NSOpenGLContext setView:]+0x83
C  [liblwjgl.dylib+0xa586]  -[MacOSXOpenGLView lockFocus]+0x76
C  [AppKit+0x14e775]  -[NSView _recursiveDisplayRectIfNeededIgnoringOpacity:isVisibleRect:rectIsVisibleRectForView:topView:]+0x740
C  [AppKit+0x14f7d0]  -[NSView _recursiveDisplayRectIfNeededIgnoringOpacity:isVisibleRect:rectIsVisibleRectForView:topView:]+0x179b
C  [AppKit+0x14db23]  -[NSThemeFrame _recursiveDisplayRectIfNeededIgnoringOpacity:isVisibleRect:rectIsVisibleRectForView:topView:]+0x14d
C  [AppKit+0x14a67b]  -[NSView _displayRectIgnoringOpacity:isVisibleRect:rectIsVisibleRectForView:]+0xac9
C  [AppKit+0x12907a]  -[NSView displayIfNeeded]+0x754
C  [AppKit+0x146575]  -[NSWindow displayIfNeeded]+0xe8
C  [AppKit+0x183772]  _handleWindowNeedsDisplayOrLayoutOrUpdateConstraints+0x3a8
C  [AppKit+0x748cf1]  __83-[NSWindow _postWindowNeedsDisplayOrLayoutOrUpdateConstraintsUnlessPostingDisabled]_block_invoke1523+0x2e
C  [CoreFoundation+0x7fd87]  __CFRUNLOOP_IS_CALLING_OUT_TO_AN_OBSERVER_CALLBACK_FUNCTION__+0x17
C  [CoreFoundation+0x7fce0]  __CFRunLoopDoObservers+0x170
C  [CoreFoundation+0x71de8]  __CFRunLoopRun+0x368
C  [CoreFoundation+0x71838]  CFRunLoopRunSpecific+0x128
C  [HIToolbox+0x2e43f]  RunCurrentEventLoopInMode+0xeb
C  [HIToolbox+0x2e0be]  ReceiveNextEventCommon+0xb3
C  [HIToolbox+0x2dffb]  _BlockUntilNextEventMatchingListInModeWithFilter+0x47
C  [AppKit+0x246d1]  _DPSNextEvent+0x3c4
C  [AppKit+0x23e80]  -[NSApplication nextEventMatchingMask:untilDate:inMode:dequeue:]+0xc2
C  [libosxapp.dylib+0x242a]  -[NSApplicationAWT nextEventMatchingMask:untilDate:inMode:dequeue:]+0x7c
C  [AppKit+0x17e23]  -[NSApplication run]+0x252
C  [libosxapp.dylib+0x223e]  +[NSApplicationAWT runAWTLoopWithApp:]+0x9c
C  [libawt_lwawt.dylib+0x4494f]  -[AWTStarter starter:]+0x389
C  [Foundation+0x65f4c]  __NSThreadPerformPerform+0x125
C  [CoreFoundation+0x80661]  __CFRUNLOOP_IS_CALLING_OUT_TO_A_SOURCE0_PERFORM_FUNCTION__+0x11
C  [CoreFoundation+0x727ed]  __CFRunLoopDoSources0+0x10d
C  [CoreFoundation+0x71e1f]  __CFRunLoopRun+0x39f
C  [CoreFoundation+0x71838]  CFRunLoopRunSpecific+0x128
C  [java+0x56cc]  CreateExecutionEnvironment+0x367
C  [java+0x165c]  JLI_Launch+0x7a0
C  [java+0x768a]  main+0x65
C  [java+0xeb4]  start+0x34
C  0x0000000000000006


---------------  P R O C E S S  ---------------

Java Threads: ( => current thread )
  0x00007fc90c0f8000 JavaThread "AWT-Shutdown" [_thread_blocked, id=12303, stack(0x0000000126de5000,0x0000000126ee5000)]
=>0x00007fc90c866000 JavaThread "AppKit Thread" daemon [_thread_in_native, id=1811, stack(0x00007fff56656000,0x00007fff56e56000)]
  0x00007fc90c031800 JavaThread "Service Thread" daemon [_thread_blocked, id=18179, stack(0x00000001223fd000,0x00000001224fd000)]
  0x00007fc90c027000 JavaThread "C1 CompilerThread2" daemon [_thread_blocked, id=17667, stack(0x00000001222fa000,0x00000001223fa000)]
  0x00007fc90c026000 JavaThread "C2 CompilerThread1" daemon [_thread_blocked, id=17155, stack(0x00000001221f7000,0x00000001222f7000)]
  0x00007fc90d853000 JavaThread "C2 CompilerThread0" daemon [_thread_blocked, id=16643, stack(0x00000001220f4000,0x00000001221f4000)]
  0x00007fc90d004000 JavaThread "Signal Dispatcher" daemon [_thread_blocked, id=13335, stack(0x0000000121ff1000,0x00000001220f1000)]
  0x00007fc90c016000 JavaThread "Finalizer" daemon [_thread_blocked, id=11523, stack(0x00000001206c6000,0x00000001207c6000)]
  0x00007fc90c015800 JavaThread "Reference Handler" daemon [_thread_blocked, id=11011, stack(0x00000001205c3000,0x00000001206c3000)]
  0x00007fc90c803800 JavaThread "main" [_thread_in_native, id=4867, stack(0x0000000108ec0000,0x0000000108fc0000)]

Other Threads:
  0x00007fc90c80e800 VMThread [stack: 0x00000001204c0000,0x00000001205c0000] [id=10499]
  0x00007fc90d82a800 WatcherThread [stack: 0x0000000122500000,0x0000000122600000] [id=18691]

VM state:not at safepoint (normal execution)

VM Mutex/Monitor currently owned by a thread: None

Heap:
 PSYoungGen      total 38400K, used 10355K [0x0000000795580000, 0x0000000798000000, 0x00000007c0000000)
  eden space 33280K, 31% used [0x0000000795580000,0x0000000795f9cd18,0x0000000797600000)
  from space 5120K, 0% used [0x0000000797b00000,0x0000000797b00000,0x0000000798000000)
  to   space 5120K, 0% used [0x0000000797600000,0x0000000797600000,0x0000000797b00000)
 ParOldGen       total 87552K, used 0K [0x0000000740000000, 0x0000000745580000, 0x0000000795580000)
  object space 87552K, 0% used [0x0000000740000000,0x0000000740000000,0x0000000745580000)
 Metaspace       used 6636K, capacity 6737K, committed 6912K, reserved 1056768K
  class space    used 657K, capacity 693K, committed 768K, reserved 1048576K

Card table byte_map: [0x0000000119b13000,0x0000000119f14000] byte_map_base: 0x0000000116113000

Marking Bits: (ParMarkBitMap*) 0x000000010a09e410
 Begin Bits: [0x000000011a5cb000, 0x000000011c5cb000)
 End Bits:   [0x000000011c5cb000, 0x000000011e5cb000)

Polling page: 0x0000000108fd0000

CodeCache: size=245760Kb used=2655Kb max_used=2666Kb free=243104Kb
 bounds [0x000000010a753000, 0x000000010a9f3000, 0x0000000119753000]
 total_blobs=1032 nmethods=648 adapters=299
 compilation: enabled

Compilation events (10 events):
Event: 13.116 Thread 0x00007fc90c027000  643       3       org.lwjgl.opengl.GL11::glBegin (19 bytes)
Event: 13.116 Thread 0x00007fc90c027000 nmethod 643 0x000000010a9e6d10 code [0x000000010a9e6f00, 0x000000010a9e7598]
Event: 13.116 Thread 0x00007fc90c027000  644       3       org.newdawn.slick.opengl.renderer.ImmediateModeOGLRenderer::glEnd (4 bytes)
Event: 13.117 Thread 0x00007fc90c027000 nmethod 644 0x000000010a9e5fd0 code [0x000000010a9e61c0, 0x000000010a9e68b8]
Event: 13.117 Thread 0x00007fc90c027000  645       3       org.lwjgl.opengl.GL11::glEnd (18 bytes)
Event: 13.118 Thread 0x00007fc90c027000 nmethod 645 0x000000010a9ea9d0 code [0x000000010a9eabc0, 0x000000010a9eb238]
Event: 13.199 Thread 0x00007fc90d853000  646       4       java.nio.Buffer::nextGetIndex (31 bytes)
Event: 13.199 Thread 0x00007fc90d853000 nmethod 646 0x000000010a9e5d90 code [0x000000010a9e5ee0, 0x000000010a9e5f58]
Event: 13.315 Thread 0x00007fc90c026000  647       4       java.nio.DirectIntBufferU::get (16 bytes)
Event: 13.316 Thread 0x00007fc90c026000 nmethod 647 0x000000010a9ee210 code [0x000000010a9ee360, 0x000000010a9ee3f8]

GC Heap History (0 events):
No events

Deoptimization events (0 events):
No events

Internal exceptions (10 events):
Event: 0.555 Thread 0x00007fc90c803800 Exception <a 'java/security/PrivilegedActionException'> (0x0000000795da2400) thrown at [/Users/java_re/workspace/8-2-build-macosx-x86_64/jdk8u31/2394/hotspot/src/share/vm/prims/jvm.cpp, line 1312]
Event: 0.555 Thread 0x00007fc90c803800 Exception <a 'java/security/PrivilegedActionException'> (0x0000000795da6998) thrown at [/Users/java_re/workspace/8-2-build-macosx-x86_64/jdk8u31/2394/hotspot/src/share/vm/prims/jvm.cpp, line 1312]
Event: 0.556 Thread 0x00007fc90c803800 Exception <a 'java/security/PrivilegedActionException'> (0x0000000795da9748) thrown at [/Users/java_re/workspace/8-2-build-macosx-x86_64/jdk8u31/2394/hotspot/src/share/vm/prims/jvm.cpp, line 1312]
Event: 0.558 Thread 0x00007fc90c803800 Exception <a 'java/security/PrivilegedActionException'> (0x0000000795dae710) thrown at [/Users/java_re/workspace/8-2-build-macosx-x86_64/jdk8u31/2394/hotspot/src/share/vm/prims/jvm.cpp, line 1312]
Event: 0.559 Thread 0x00007fc90c803800 Exception <a 'java/security/PrivilegedActionException'> (0x0000000795db5668) thrown at [/Users/java_re/workspace/8-2-build-macosx-x86_64/jdk8u31/2394/hotspot/src/share/vm/prims/jvm.cpp, line 1312]
Event: 0.559 Thread 0x00007fc90c803800 Exception <a 'java/security/PrivilegedActionException'> (0x0000000795dbc278) thrown at [/Users/java_re/workspace/8-2-build-macosx-x86_64/jdk8u31/2394/hotspot/src/share/vm/prims/jvm.cpp, line 1312]
Event: 0.561 Thread 0x00007fc90c803800 Exception <a 'java/security/PrivilegedActionException'> (0x0000000795dbf4b0) thrown at [/Users/java_re/workspace/8-2-build-macosx-x86_64/jdk8u31/2394/hotspot/src/share/vm/prims/jvm.cpp, line 1312]
Event: 0.562 Thread 0x00007fc90c803800 Exception <a 'java/security/PrivilegedActionException'> (0x0000000795dc2f28) thrown at [/Users/java_re/workspace/8-2-build-macosx-x86_64/jdk8u31/2394/hotspot/src/share/vm/prims/jvm.cpp, line 1312]
Event: 0.563 Thread 0x00007fc90c803800 Exception <a 'java/security/PrivilegedActionException'> (0x0000000795dc6e18) thrown at [/Users/java_re/workspace/8-2-build-macosx-x86_64/jdk8u31/2394/hotspot/src/share/vm/prims/jvm.cpp, line 1312]
Event: 14.183 Thread 0x00007fc90c803800 Exception <a 'java/security/PrivilegedActionException'> (0x0000000795df9e00) thrown at [/Users/java_re/workspace/8-2-build-macosx-x86_64/jdk8u31/2394/hotspot/src/share/vm/prims/jvm.cpp, line 1312]

Events (10 events):
Event: 1.946 Thread 0x00007fc90c803800 DEOPT UNPACKING pc=0x000000010a79a373 sp=0x0000000108fbf430 mode 0
Event: 4.095 Executing VM operation: EnableBiasedLocking
Event: 4.095 Executing VM operation: EnableBiasedLocking done
Event: 5.224 Thread 0x00007fc90c0f5800 Thread added: 0x00007fc90c0f5800
Event: 6.226 Executing VM operation: RevokeBias
Event: 6.226 Executing VM operation: RevokeBias done
Event: 6.226 Thread 0x00007fc90c0f5800 Thread exited: 0x00007fc90c0f5800
Event: 12.190 Thread 0x00007fc90c0f8000 Thread added: 0x00007fc90c0f8000
Event: 14.183 loading class org/lwjgl/opengl/CallbackUtil
Event: 14.183 loading class org/lwjgl/opengl/CallbackUtil done


Dynamic libraries:
0x0000000004932000 	/System/Library/Frameworks/Cocoa.framework/Versions/A/Cocoa
0x0000000004932000 	/System/Library/Frameworks/Security.framework/Versions/A/Security
0x0000000004932000 	/System/Library/Frameworks/ApplicationServices.framework/Versions/A/ApplicationServices
0x0000000004932000 	/usr/lib/libz.1.dylib
0x0000000004932000 	/usr/lib/libSystem.B.dylib
0x0000000004932000 	/usr/lib/libobjc.A.dylib
0x0000000004932000 	/System/Library/Frameworks/CoreFoundation.framework/Versions/A/CoreFoundation
0x0000000004932000 	/System/Library/Frameworks/Foundation.framework/Versions/C/Foundation
0x0000000004932000 	/System/Library/Frameworks/AppKit.framework/Versions/C/AppKit
0x0000000004932000 	/System/Library/Frameworks/CoreData.framework/Versions/A/CoreData
0x0000000004932000 	/System/Library/PrivateFrameworks/RemoteViewServices.framework/Versions/A/RemoteViewServices
0x0000000004932000 	/System/Library/PrivateFrameworks/UIFoundation.framework/Versions/A/UIFoundation
0x0000000004932000 	/System/Library/Frameworks/IOSurface.framework/Versions/A/IOSurface
0x0000000004932000 	/System/Library/Frameworks/AudioToolbox.framework/Versions/A/AudioToolbox
0x0000000004932000 	/System/Library/Frameworks/AudioUnit.framework/Versions/A/AudioUnit
0x0000000004932000 	/System/Library/PrivateFrameworks/DataDetectorsCore.framework/Versions/A/DataDetectorsCore
0x0000000004932000 	/System/Library/PrivateFrameworks/DesktopServicesPriv.framework/Versions/A/DesktopServicesPriv
0x0000000004932000 	/System/Library/Frameworks/Carbon.framework/Versions/A/Frameworks/HIToolbox.framework/Versions/A/HIToolbox
0x0000000004932000 	/System/Library/Frameworks/QuartzCore.framework/Versions/A/QuartzCore
0x0000000004932000 	/System/Library/Frameworks/Carbon.framework/Versions/A/Frameworks/SpeechRecognition.framework/Versions/A/SpeechRecognition
0x0000000004932000 	/usr/lib/libauto.dylib
0x0000000004932000 	/usr/lib/libicucore.A.dylib
0x0000000004932000 	/usr/lib/libxml2.2.dylib
0x0000000004932000 	/System/Library/PrivateFrameworks/CoreUI.framework/Versions/A/CoreUI
0x0000000004932000 	/System/Library/Frameworks/CoreAudio.framework/Versions/A/CoreAudio
0x0000000004932000 	/System/Library/Frameworks/DiskArbitration.framework/Versions/A/DiskArbitration
0x0000000004932000 	/usr/lib/liblangid.dylib
0x0000000004932000 	/System/Library/PrivateFrameworks/MultitouchSupport.framework/Versions/A/MultitouchSupport
0x0000000004932000 	/System/Library/Frameworks/IOKit.framework/Versions/A/IOKit
0x0000000004932000 	/usr/lib/libDiagnosticMessagesClient.dylib
0x0000000004932000 	/System/Library/Frameworks/CoreServices.framework/Versions/A/CoreServices
0x0000000004932000 	/System/Library/PrivateFrameworks/PerformanceAnalysis.framework/Versions/A/PerformanceAnalysis
0x0000000004932000 	/System/Library/PrivateFrameworks/GenerationalStorage.framework/Versions/A/GenerationalStorage
0x0000000004932000 	/System/Library/Frameworks/OpenGL.framework/Versions/A/OpenGL
0x0000000004932000 	/System/Library/PrivateFrameworks/Sharing.framework/Versions/A/Sharing
0x0000000004932000 	/System/Library/Frameworks/CoreGraphics.framework/Versions/A/CoreGraphics
0x0000000004932000 	/System/Library/Frameworks/CoreText.framework/Versions/A/CoreText
0x0000000004932000 	/System/Library/Frameworks/ImageIO.framework/Versions/A/ImageIO
0x0000000004932000 	/usr/lib/libextension.dylib
0x0000000004932000 	/System/Library/PrivateFrameworks/Backup.framework/Versions/A/Backup
0x0000000004932000 	/usr/lib/libarchive.2.dylib
0x0000000004932000 	/System/Library/Frameworks/CFNetwork.framework/Versions/A/CFNetwork
0x0000000004932000 	/System/Library/Frameworks/SystemConfiguration.framework/Versions/A/SystemConfiguration
0x0000000004932000 	/usr/lib/libCRFSuite.dylib
0x0000000004932000 	/usr/lib/libc++.1.dylib
0x0000000004932000 	/usr/lib/libc++abi.dylib
0x0000000004932000 	/usr/lib/system/libcache.dylib
0x0000000004932000 	/usr/lib/system/libcommonCrypto.dylib
0x0000000004932000 	/usr/lib/system/libcompiler_rt.dylib
0x0000000004932000 	/usr/lib/system/libcopyfile.dylib
0x0000000004932000 	/usr/lib/system/libcorecrypto.dylib
0x0000000004932000 	/usr/lib/system/libdispatch.dylib
0x0000000004932000 	/usr/lib/system/libdyld.dylib
0x0000000004932000 	/usr/lib/system/libkeymgr.dylib
0x0000000004932000 	/usr/lib/system/liblaunch.dylib
0x0000000004932000 	/usr/lib/system/libmacho.dylib
0x0000000004932000 	/usr/lib/system/libquarantine.dylib
0x0000000004932000 	/usr/lib/system/libremovefile.dylib
0x0000000004932000 	/usr/lib/system/libsystem_asl.dylib
0x0000000004932000 	/usr/lib/system/libsystem_blocks.dylib
0x0000000004932000 	/usr/lib/system/libsystem_c.dylib
0x0000000004932000 	/usr/lib/system/libsystem_configuration.dylib
0x0000000004932000 	/usr/lib/system/libsystem_coreservices.dylib
0x0000000004932000 	/usr/lib/system/libsystem_coretls.dylib
0x0000000004932000 	/usr/lib/system/libsystem_dnssd.dylib
0x0000000004932000 	/usr/lib/system/libsystem_info.dylib
0x0000000004932000 	/usr/lib/system/libsystem_kernel.dylib
0x0000000004932000 	/usr/lib/system/libsystem_m.dylib
0x0000000004932000 	/usr/lib/system/libsystem_malloc.dylib
0x0000000004932000 	/usr/lib/system/libsystem_network.dylib
0x0000000004932000 	/usr/lib/system/libsystem_networkextension.dylib
0x0000000004932000 	/usr/lib/system/libsystem_notify.dylib
0x0000000004932000 	/usr/lib/system/libsystem_platform.dylib
0x0000000004932000 	/usr/lib/system/libsystem_pthread.dylib
0x0000000004932000 	/usr/lib/system/libsystem_sandbox.dylib
0x0000000004932000 	/usr/lib/system/libsystem_secinit.dylib
0x0000000004932000 	/usr/lib/system/libsystem_stats.dylib
0x0000000004932000 	/usr/lib/system/libsystem_trace.dylib
0x0000000004932000 	/usr/lib/system/libunc.dylib
0x0000000004932000 	/usr/lib/system/libunwind.dylib
0x0000000004932000 	/usr/lib/system/libxpc.dylib
0x0000000004932000 	/usr/lib/libbz2.1.0.dylib
0x0000000004932000 	/usr/lib/liblzma.5.dylib
0x0000000004932000 	/usr/lib/libbsm.0.dylib
0x0000000004932000 	/usr/lib/libsqlite3.dylib
0x0000000004932000 	/usr/lib/system/libkxld.dylib
0x0000000004932000 	/usr/lib/libxar.1.dylib
0x0000000004932000 	/usr/lib/libpam.2.dylib
0x0000000004932000 	/usr/lib/libOpenScriptingUtil.dylib
0x0000000004932000 	/System/Library/Frameworks/CoreServices.framework/Versions/A/Frameworks/FSEvents.framework/Versions/A/FSEvents
0x0000000004932000 	/System/Library/Frameworks/CoreServices.framework/Versions/A/Frameworks/CarbonCore.framework/Versions/A/CarbonCore
0x0000000004932000 	/System/Library/Frameworks/CoreServices.framework/Versions/A/Frameworks/Metadata.framework/Versions/A/Metadata
0x0000000004932000 	/System/Library/Frameworks/CoreServices.framework/Versions/A/Frameworks/OSServices.framework/Versions/A/OSServices
0x0000000004932000 	/System/Library/Frameworks/CoreServices.framework/Versions/A/Frameworks/SearchKit.framework/Versions/A/SearchKit
0x0000000004932000 	/System/Library/Frameworks/CoreServices.framework/Versions/A/Frameworks/AE.framework/Versions/A/AE
0x0000000004932000 	/System/Library/Frameworks/CoreServices.framework/Versions/A/Frameworks/LaunchServices.framework/Versions/A/LaunchServices
0x0000000004932000 	/System/Library/Frameworks/CoreServices.framework/Versions/A/Frameworks/DictionaryServices.framework/Versions/A/DictionaryServices
0x0000000004932000 	/System/Library/Frameworks/NetFS.framework/Versions/A/NetFS
0x0000000004932000 	/System/Library/PrivateFrameworks/NetAuth.framework/Versions/A/NetAuth
0x0000000004932000 	/System/Library/PrivateFrameworks/login.framework/Versions/A/Frameworks/loginsupport.framework/Versions/A/loginsupport
0x0000000004932000 	/System/Library/PrivateFrameworks/TCC.framework/Versions/A/TCC
0x0000000004932000 	/usr/lib/libmecabra.dylib
0x0000000004932000 	/System/Library/PrivateFrameworks/LanguageModeling.framework/Versions/A/LanguageModeling
0x0000000004932000 	/usr/lib/libcmph.dylib
0x0000000004932000 	/usr/lib/libiconv.2.dylib
0x0000000004932000 	/System/Library/Frameworks/OpenDirectory.framework/Versions/A/Frameworks/CFOpenDirectory.framework/Versions/A/CFOpenDirectory
0x0000000004932000 	/System/Library/Frameworks/ServiceManagement.framework/Versions/A/ServiceManagement
0x0000000004932000 	/usr/lib/libxslt.1.dylib
0x0000000004932000 	/System/Library/Frameworks/Carbon.framework/Versions/A/Frameworks/Ink.framework/Versions/A/Ink
0x0000000004932000 	/System/Library/Frameworks/ApplicationServices.framework/Versions/A/Frameworks/ATS.framework/Versions/A/ATS
0x0000000004932000 	/System/Library/Frameworks/ApplicationServices.framework/Versions/A/Frameworks/ColorSync.framework/Versions/A/ColorSync
0x0000000004932000 	/System/Library/Frameworks/ApplicationServices.framework/Versions/A/Frameworks/HIServices.framework/Versions/A/HIServices
0x0000000004932000 	/System/Library/Frameworks/ApplicationServices.framework/Versions/A/Frameworks/LangAnalysis.framework/Versions/A/LangAnalysis
0x0000000004932000 	/System/Library/Frameworks/ApplicationServices.framework/Versions/A/Frameworks/PrintCore.framework/Versions/A/PrintCore
0x0000000004932000 	/System/Library/Frameworks/ApplicationServices.framework/Versions/A/Frameworks/QD.framework/Versions/A/QD
0x0000000004932000 	/System/Library/Frameworks/ApplicationServices.framework/Versions/A/Frameworks/SpeechSynthesis.framework/Versions/A/SpeechSynthesis
0x0000000004932000 	/System/Library/Frameworks/Accelerate.framework/Versions/A/Accelerate
0x0000000004932000 	/System/Library/Frameworks/Accelerate.framework/Versions/A/Frameworks/vImage.framework/Versions/A/vImage
0x0000000004932000 	/System/Library/Frameworks/Accelerate.framework/Versions/A/Frameworks/vecLib.framework/Versions/A/vecLib
0x0000000004932000 	/System/Library/Frameworks/Accelerate.framework/Versions/A/Frameworks/vecLib.framework/Versions/A/libvDSP.dylib
0x0000000004932000 	/System/Library/Frameworks/Accelerate.framework/Versions/A/Frameworks/vecLib.framework/Versions/A/libvMisc.dylib
0x0000000004932000 	/System/Library/Frameworks/Accelerate.framework/Versions/A/Frameworks/vecLib.framework/Versions/A/libLAPACK.dylib
0x0000000004932000 	/System/Library/Frameworks/Accelerate.framework/Versions/A/Frameworks/vecLib.framework/Versions/A/libBLAS.dylib
0x0000000004932000 	/System/Library/Frameworks/Accelerate.framework/Versions/A/Frameworks/vecLib.framework/Versions/A/libLinearAlgebra.dylib
0x0000000004932000 	/System/Library/Frameworks/ApplicationServices.framework/Versions/A/Frameworks/ATS.framework/Versions/A/Resources/libFontParser.dylib
0x0000000004932000 	/System/Library/Frameworks/ApplicationServices.framework/Versions/A/Frameworks/ATS.framework/Versions/A/Resources/libFontRegistry.dylib
0x0000000004932000 	/System/Library/PrivateFrameworks/AppleVPA.framework/Versions/A/AppleVPA
0x0000000004932000 	/System/Library/PrivateFrameworks/AppleJPEG.framework/Versions/A/AppleJPEG
0x0000000004932000 	/System/Library/Frameworks/ImageIO.framework/Versions/A/Resources/libJPEG.dylib
0x0000000004932000 	/System/Library/Frameworks/ImageIO.framework/Versions/A/Resources/libTIFF.dylib
0x0000000004932000 	/System/Library/Frameworks/ImageIO.framework/Versions/A/Resources/libPng.dylib
0x0000000004932000 	/System/Library/Frameworks/ImageIO.framework/Versions/A/Resources/libGIF.dylib
0x0000000004932000 	/System/Library/Frameworks/ImageIO.framework/Versions/A/Resources/libJP2.dylib
0x0000000004932000 	/System/Library/Frameworks/ImageIO.framework/Versions/A/Resources/libRadiance.dylib
0x0000000004932000 	/System/Library/Frameworks/CoreVideo.framework/Versions/A/CoreVideo
0x0000000004932000 	/System/Library/Frameworks/OpenGL.framework/Versions/A/Libraries/libGLU.dylib
0x0000000004932000 	/System/Library/Frameworks/OpenGL.framework/Versions/A/Libraries/libGFXShared.dylib
0x0000000004932000 	/System/Library/Frameworks/OpenGL.framework/Versions/A/Libraries/libGL.dylib
0x0000000004932000 	/System/Library/Frameworks/OpenGL.framework/Versions/A/Libraries/libGLImage.dylib
0x0000000004932000 	/System/Library/Frameworks/OpenGL.framework/Versions/A/Libraries/libCVMSPluginSupport.dylib
0x0000000004932000 	/System/Library/Frameworks/OpenGL.framework/Versions/A/Libraries/libCoreVMClient.dylib
0x0000000004932000 	/usr/lib/libcups.2.dylib
0x0000000004932000 	/System/Library/Frameworks/Kerberos.framework/Versions/A/Kerberos
0x0000000004932000 	/System/Library/Frameworks/GSS.framework/Versions/A/GSS
0x0000000004932000 	/usr/lib/libresolv.9.dylib
0x0000000004932000 	/System/Library/PrivateFrameworks/Heimdal.framework/Versions/A/Heimdal
0x0000000004932000 	/usr/lib/libheimdal-asn1.dylib
0x0000000004932000 	/System/Library/Frameworks/OpenDirectory.framework/Versions/A/OpenDirectory
0x0000000004932000 	/System/Library/PrivateFrameworks/CommonAuth.framework/Versions/A/CommonAuth
0x0000000004932000 	/System/Library/Frameworks/SecurityFoundation.framework/Versions/A/SecurityFoundation
0x0000000004932000 	/System/Library/Frameworks/QuartzCore.framework/Versions/A/Frameworks/CoreImage.framework/Versions/A/CoreImage
0x0000000004932000 	/System/Library/PrivateFrameworks/CrashReporterSupport.framework/Versions/A/CrashReporterSupport
0x0000000004932000 	/System/Library/Frameworks/OpenCL.framework/Versions/A/OpenCL
0x0000000004932000 	/System/Library/PrivateFrameworks/FaceCore.framework/Versions/A/FaceCore
0x0000000004932000 	/System/Library/PrivateFrameworks/Ubiquity.framework/Versions/A/Ubiquity
0x0000000004932000 	/System/Library/PrivateFrameworks/IconServices.framework/Versions/A/IconServices
0x0000000004932000 	/System/Library/PrivateFrameworks/ChunkingLibrary.framework/Versions/A/ChunkingLibrary
0x0000000004932000 	/System/Library/PrivateFrameworks/Apple80211.framework/Versions/A/Apple80211
0x0000000004932000 	/System/Library/Frameworks/CoreWLAN.framework/Versions/A/CoreWLAN
0x0000000004932000 	/System/Library/Frameworks/IOBluetooth.framework/Versions/A/IOBluetooth
0x0000000004932000 	/System/Library/PrivateFrameworks/CoreWiFi.framework/Versions/A/CoreWiFi
0x0000000004932000 	/System/Library/Frameworks/CoreBluetooth.framework/Versions/A/CoreBluetooth
0x0000000004932000 	/System/Library/PrivateFrameworks/DebugSymbols.framework/Versions/A/DebugSymbols
0x0000000004932000 	/System/Library/PrivateFrameworks/CoreSymbolication.framework/Versions/A/CoreSymbolication
0x0000000004932000 	/System/Library/PrivateFrameworks/Symbolication.framework/Versions/A/Symbolication
0x0000000004932000 	/System/Library/PrivateFrameworks/SpeechRecognitionCore.framework/Versions/A/SpeechRecognitionCore
0x0000000109800000 	/Library/Java/JavaVirtualMachines/jdk1.8.0_31.jdk/Contents/Home/jre/lib/server/libjvm.dylib
0x0000000004932000 	/usr/lib/libstdc++.6.dylib
0x0000000108fc2000 	/Library/Java/JavaVirtualMachines/jdk1.8.0_31.jdk/Contents/Home/jre/lib/libverify.dylib
0x000000010a71f000 	/Library/Java/JavaVirtualMachines/jdk1.8.0_31.jdk/Contents/Home/jre/lib/libjava.dylib
0x0000000108fda000 	/Library/Java/JavaVirtualMachines/jdk1.8.0_31.jdk/Contents/Home/jre/lib/libzip.dylib
0x0000000108fe4000 	/System/Library/Frameworks/JavaVM.framework/Frameworks/JavaRuntimeSupport.framework/JavaRuntimeSupport
0x00000001207c8000 	/System/Library/Frameworks/JavaVM.framework/Versions/A/Frameworks/JavaNativeFoundation.framework/Versions/A/JavaNativeFoundation
0x00000001207dc000 	/System/Library/Frameworks/JavaVM.framework/Versions/A/JavaVM
0x0000000004932000 	/System/Library/Frameworks/Carbon.framework/Versions/A/Carbon
0x00000001207e8000 	/System/Library/PrivateFrameworks/JavaLaunching.framework/Versions/A/JavaLaunching
0x0000000004932000 	/System/Library/Frameworks/Carbon.framework/Versions/A/Frameworks/CommonPanels.framework/Versions/A/CommonPanels
0x0000000004932000 	/System/Library/Frameworks/Carbon.framework/Versions/A/Frameworks/Help.framework/Versions/A/Help
0x0000000004932000 	/System/Library/Frameworks/Carbon.framework/Versions/A/Frameworks/ImageCapture.framework/Versions/A/ImageCapture
0x0000000004932000 	/System/Library/Frameworks/Carbon.framework/Versions/A/Frameworks/OpenScripting.framework/Versions/A/OpenScripting
0x0000000004932000 	/System/Library/Frameworks/Carbon.framework/Versions/A/Frameworks/Print.framework/Versions/A/Print
0x0000000004932000 	/System/Library/Frameworks/Carbon.framework/Versions/A/Frameworks/SecurityHI.framework/Versions/A/SecurityHI
0x000000012261c000 	/Library/Java/JavaVirtualMachines/jdk1.8.0_31.jdk/Contents/Home/jre/lib/libawt.dylib
0x00000001226cb000 	/Library/Java/JavaVirtualMachines/jdk1.8.0_31.jdk/Contents/Home/jre/lib/./libmlib_image.dylib
0x0000000122797000 	/Library/Java/JavaVirtualMachines/jdk1.8.0_31.jdk/Contents/Home/jre/lib/libawt_lwawt.dylib
0x000000012284a000 	/Library/Java/JavaVirtualMachines/jdk1.8.0_31.jdk/Contents/Home/jre/lib/./libosxapp.dylib
0x0000000004932000 	/System/Library/Frameworks/ExceptionHandling.framework/Versions/A/ExceptionHandling
0x0000000004932000 	/System/Library/PrivateFrameworks/CoreServicesInternal.framework/Versions/A/CoreServicesInternal
0x0000000004932000 	/System/Library/PrivateFrameworks/CloudDocs.framework/Versions/A/CloudDocs
0x0000000004932000 	/System/Library/PrivateFrameworks/CoreDuet.framework/Versions/A/CoreDuet
0x0000000004932000 	/System/Library/Frameworks/CloudKit.framework/Versions/A/CloudKit
0x0000000004932000 	/System/Library/PrivateFrameworks/ProtocolBuffer.framework/Versions/A/ProtocolBuffer
0x0000000004932000 	/System/Library/PrivateFrameworks/CoreDuetDaemonProtocol.framework/Versions/A/CoreDuetDaemonProtocol
0x0000000004932000 	/System/Library/PrivateFrameworks/CoreDuetDebugLogging.framework/Versions/A/CoreDuetDebugLogging
0x0000000004932000 	/System/Library/Frameworks/CoreLocation.framework/Versions/A/CoreLocation
0x0000000004932000 	/System/Library/Frameworks/Accounts.framework/Versions/A/Accounts
0x0000000004932000 	/System/Library/PrivateFrameworks/ApplePushService.framework/Versions/A/ApplePushService
0x0000000004932000 	/System/Library/PrivateFrameworks/GeoServices.framework/Versions/A/GeoServices
0x0000000004932000 	/System/Library/PrivateFrameworks/OAuth.framework/Versions/A/OAuth
0x0000000004932000 	/System/Library/PrivateFrameworks/CoreDaemon.framework/Versions/B/CoreDaemon
0x0000000004932000 	/usr/lib/libcrypto.0.9.8.dylib
0x0000000004932000 	/System/Library/PrivateFrameworks/AppleSRP.framework/Versions/A/AppleSRP
0x0000000004932000 	/System/Library/PrivateFrameworks/TrustEvaluationAgent.framework/Versions/A/TrustEvaluationAgent
0x0000000004932000 	/System/Library/Frameworks/CoreGraphics.framework/Versions/A/Resources/libCGCMS.A.dylib
0x0000000004932000 	/System/Library/Frameworks/CoreGraphics.framework/Versions/A/Resources/libRIP.A.dylib
0x0000000004932000 	/System/Library/Frameworks/CoreGraphics.framework/Versions/A/Resources/libCGXType.A.dylib
0x0000000004932000 	/System/Library/Frameworks/OpenCL.framework/Versions/A/Libraries/libcldcpuengine.dylib
0x0000000004932000 	/System/Library/PrivateFrameworks/DiskImages.framework/Versions/A/DiskImages
0x0000000004932000 	/System/Library/Frameworks/DiscRecording.framework/Versions/A/DiscRecording
0x0000000004932000 	/usr/lib/libcsfde.dylib
0x0000000004932000 	/usr/lib/libcurl.4.dylib
0x0000000004932000 	/System/Library/PrivateFrameworks/MediaKit.framework/Versions/A/MediaKit
0x0000000004932000 	/System/Library/PrivateFrameworks/ProtectedCloudStorage.framework/Versions/A/ProtectedCloudStorage
0x0000000004932000 	/usr/lib/libCoreStorage.dylib
0x0000000004932000 	/System/Library/PrivateFrameworks/EFILogin.framework/Versions/A/EFILogin
0x0000000004932000 	/usr/lib/libutil.dylib
0x0000000004932000 	/System/Library/PrivateFrameworks/FindMyDevice.framework/Versions/A/FindMyDevice
0x0000000004932000 	/System/Library/Frameworks/LDAP.framework/Versions/A/LDAP
0x0000000004932000 	/usr/lib/libsasl2.2.dylib
0x0000000125320000 	cl_kernels
0x0000000125322000 	/System/Library/Frameworks/OpenCL.framework/Versions/A/Libraries/ImageFormats/unorm8_bgra.dylib
0x0000000125311000 	cl_kernels
0x0000000004932000 	/System/Library/PrivateFrameworks/FamilyControls.framework/Versions/A/FamilyControls
0x0000000004932000 	/System/Library/PrivateFrameworks/CommerceKit.framework/Versions/A/Frameworks/CommerceCore.framework/Versions/A/CommerceCore
0x0000000004932000 	/System/Library/PrivateFrameworks/SystemAdministration.framework/Versions/A/SystemAdministration
0x0000000004932000 	/System/Library/PrivateFrameworks/AppContainer.framework/Versions/A/AppContainer
0x0000000004932000 	/System/Library/PrivateFrameworks/SecCodeWrapper.framework/Versions/A/SecCodeWrapper
0x0000000004932000 	/System/Library/Frameworks/DirectoryService.framework/Versions/A/DirectoryService
0x0000000004932000 	/System/Library/PrivateFrameworks/LoginUIKit.framework/Versions/A/Frameworks/LoginUICore.framework/Versions/A/LoginUICore
0x0000000004932000 	/usr/lib/libodfde.dylib
0x00000001264e7000 	/Library/Java/JavaVirtualMachines/jdk1.8.0_31.jdk/Contents/Home/jre/lib/libfontmanager.dylib
0x000000012654e000 	/Users/michael/Documents/workspace/AsteroidAnimation/libraries/native/macosx/liblwjgl.dylib
0x0000000124851000 	/Library/Java/JavaVirtualMachines/jdk1.8.0_31.jdk/Contents/Home/jre/lib/libjawt.dylib
0x0000000004932000 	/System/Library/Frameworks/OpenGL.framework/Versions/A/Resources/GLEngine.bundle/GLEngine
0x0000000004932000 	/System/Library/Frameworks/OpenGL.framework/Versions/A/Libraries/libGLProgrammability.dylib
0x0000000000000000 	/System/Library/Extensions/AppleIntelHD5000GraphicsGLDriver.bundle/Contents/MacOS/AppleIntelHD5000GraphicsGLDriver
0x0000000004932000 	/System/Library/PrivateFrameworks/IOAccelerator.framework/Versions/A/IOAccelerator
0x0000000004932000 	/System/Library/PrivateFrameworks/GPUSupport.framework/Versions/A/Libraries/libGPUSupportMercury.dylib
0x0000000004932000 	/System/Library/Frameworks/OpenGL.framework/Versions/A/Resources/GLRendererFloat.bundle/GLRendererFloat

VM Arguments:
jvm_args: -Djava.library.path=/Users/michael/Documents/workspace/AsteroidAnimation/libraries/native/macosx -Dfile.encoding=UTF-8 
java_command: asteroidanimation.AsteroidAnimation
java_class_path (initial): /Users/michael/Documents/workspace/AsteroidAnimation/bin:/Users/michael/Documents/workspace/AsteroidAnimation/libraries/slick.jar:/Users/michael/Documents/workspace/AsteroidAnimation/libraries/jar/lwjgl.jar
Launcher Type: SUN_STANDARD

Environment Variables:
PATH=/usr/bin:/bin:/usr/sbin:/sbin
SHELL=/bin/bash

Signal Handlers:
SIGSEGV: [libjvm.dylib+0x57a0e7], sa_mask[0]=11111111011111110111111111111111, sa_flags=SA_ONSTACK|SA_RESTART|SA_SIGINFO
SIGBUS: [libjvm.dylib+0x57a0e7], sa_mask[0]=11111111011111110111111111111111, sa_flags=SA_RESTART|SA_SIGINFO
SIGFPE: [libjvm.dylib+0x45af24], sa_mask[0]=11111111011111110111111111111111, sa_flags=SA_RESTART|SA_SIGINFO
SIGPIPE: [libjvm.dylib+0x45af24], sa_mask[0]=11111111011111110111111111111111, sa_flags=SA_RESTART|SA_SIGINFO
SIGXFSZ: [libjvm.dylib+0x45af24], sa_mask[0]=11111111011111110111111111111111, sa_flags=SA_RESTART|SA_SIGINFO
SIGILL: [libjvm.dylib+0x45af24], sa_mask[0]=11111111011111110111111111111111, sa_flags=SA_RESTART|SA_SIGINFO
SIGUSR1: SIG_DFL, sa_mask[0]=00000000000000000000000000000000, sa_flags=none
SIGUSR2: [libjvm.dylib+0x45aa42], sa_mask[0]=00100000000000000000000000000000, sa_flags=SA_RESTART|SA_SIGINFO
SIGHUP: [libjvm.dylib+0x459015], sa_mask[0]=11111111011111110111111111111111, sa_flags=SA_RESTART|SA_SIGINFO
SIGINT: [libjvm.dylib+0x459015], sa_mask[0]=11111111011111110111111111111111, sa_flags=SA_RESTART|SA_SIGINFO
SIGTERM: [libjvm.dylib+0x459015], sa_mask[0]=11111111011111110111111111111111, sa_flags=SA_RESTART|SA_SIGINFO
SIGQUIT: [libjvm.dylib+0x459015], sa_mask[0]=11111111011111110111111111111111, sa_flags=SA_RESTART|SA_SIGINFO


---------------  S Y S T E M  ---------------

OS:Bsduname:Darwin 14.0.0 Darwin Kernel Version 14.0.0: Fri Sep 19 00:26:44 PDT 2014; root:xnu-2782.1.97~2/RELEASE_X86_64 x86_64
rlimit: STACK 8192k, CORE 0k, NPROC 709, NOFILE 10240, AS infinity
load average:1.40 1.84 1.86

CPU:total 4 (2 cores per cpu, 2 threads per core) family 6 model 69 stepping 1, cmov, cx8, fxsr, mmx, sse, sse2, sse3, ssse3, sse4.1, sse4.2, popcnt, avx, avx2, aes, clmul, erms, rtm, lzcnt, ht, tsc, tscinvbit, bmi1, bmi2

Memory: 4k page, physical 8388608k(1473212k free)

/proc/meminfo:


vm_info: Java HotSpot(TM) 64-Bit Server VM (25.31-b07) for bsd-amd64 JRE (1.8.0_31-b13), built on Dec 17 2014 20:45:36 by "java_re" with gcc 4.2.1 (Based on Apple Inc. build 5658) (LLVM build 2336.11.00)

time: Fri Feb 27 16:42:42 2015
elapsed time: 14 seconds (0d 0h 0m 14s)

